Starting AssetCooker...
Argument '--shaders' has been deprecated and is no longer used.
XLP cook starting...
C:\Users\Alex\Documents\Firaxis ModBuddy\Civilization VI\CIV 6 - ToI\CIV 6 - ToI\XLPs\tilebases.xlp
Opened output file: C:\Users\Alex\Documents\My Games\Sid Meier's Civilization VI\Mods\CIV 6 - ToI\Platforms\MacOS\BLPs/landmarks/tilebases.blp    For XLP: 'C:\Users\Alex\Documents\Firaxis ModBuddy\Civilization VI\CIV 6 - ToI\CIV 6 - ToI\XLPs\tilebases.xlp'
Could not load digest key: ''.  Using mod key to sign BLP.
Starting 'landmarks/tilebases'

****** Log from Geometry: 'IMP_SILO_Decals' ********
--------------
Geo IMP_SILO_Decals Mesh Decal_IND_Rect_Patch002 : 2 vertices removed by tangent merger.
Geo IMP_SILO_Decals Mesh Decal_IND_Rect_Patch003 : 2 vertices removed by tangent merger.
Geo IMP_SILO_Decals Mesh Decal_IND_Rect_Patch004 : 2 vertices removed by tangent merger.
Geo IMP_SILO_Decals Mesh Decal_IND_Rect_Patch005 : 2 vertices removed by tangent merger.
Geo IMP_SILO_Decals Mesh Decal_IND_Rect_Patch006 : 2 vertices removed by tangent merger.
Geo IMP_SILO_Decals Mesh Decal_MOD_Rect_Sq_Patch002 : 2 vertices removed by tangent merger.
Geo IMP_SILO_Decals Mesh Decal_MOD_Straight_Tileable003 : 43 vertices removed by tangent merger.
Geo IMP_SILO_Decals Mesh Decal_MOD_Straight_Tileable006 : 3 vertices removed by tangent merger.
Geo IMP_SILO_Decals Mesh Decal_MOD_Straight_Tileable009 : 1 vertices removed by tangent merger.
Geo IMP_SILO_Decals Mesh Decal_MOD_Rect_Sq_Patch004 : 4 vertices removed by tangent merger.
Geo IMP_SILO_Decals Mesh Decal_MOD_Rect_Sq_Patch005 : 2 vertices removed by tangent merger.
Geo IMP_SILO_Decals Mesh Decal_IND_Rect_Patch007 : 2 vertices removed by tangent merger.
Geo IMP_SILO_Decals Mesh Decal_IND_Rect_Patch008 : 2 vertices removed by tangent merger.
Geo IMP_SILO_Decals Mesh Decal_IND_Rect_Patch009 : 2 vertices removed by tangent merger.
Geo IMP_SILO_Decals Mesh Decal_IND_Rect_Patch010 : 2 vertices removed by tangent merger.
Geo IMP_SILO_Decals Mesh Decal_IND_Rect_Patch011 : 2 vertices removed by tangent merger.
Geo IMP_SILO_Decals Mesh Decal_MOD_Rect_Sq_Patch007 : 2 vertices removed by tangent merger.
Geo IMP_SILO_Decals Mesh Decal_MOD_Straight_Tileable031 : 43 vertices removed by tangent merger.
Geo IMP_SILO_Decals Mesh Decal_MOD_Straight_Tileable034 : 3 vertices removed by tangent merger.
Geo IMP_SILO_Decals Mesh Decal_MOD_Rect_Sq_Patch008 : 4 vertices removed by tangent merger.
Geo IMP_SILO_Decals Mesh Decal_MOD_Rect_Sq_Patch009 : 2 vertices removed by tangent merger.

****** Log from Geometry: 'IMP_SILO_Launch_Pad_PIL' ********
--------------
Geo IMP_SILO_Launch_Pad_PIL Mesh IMP_SILO_Launch_Pad_Mesh_PIL : 20 vertices removed by tangent merger.
Geo IMP_SILO_Launch_Pad_PIL mesh IMP_SILO_Launch_Pad_Mesh_PIL flagged for possible vertex duplication. Vertex Count: 1640, Index Count: 3195, Tri Count 1065, Reused Vertices: 993, Duplicate Vertices: 0, Duplicate Positions: 579, Vertex:Tri Ratio: 1.54

****** Log from Geometry: 'IMP_Airstrip_Decal' ********
--------------
Geo IMP_Airstrip_Decal Mesh Decal_ANC_Straight_Fade_Both010 : 22 vertices removed by tangent merger.
Geo IMP_Airstrip_Decal Mesh Decal_ANC_FadeOut006 : 14 vertices removed by tangent merger.
Geo IMP_Airstrip_Decal Mesh Decal_ANC_FadeOut011 : 14 vertices removed by tangent merger.

****** Log from Geometry: 'DIS_PRD_PileA' ********
--------------
Geo DIS_PRD_PileA mesh DIS_PRD_PileA flagged for possible vertex duplication. Vertex Count: 2103, Index Count: 3420, Tri Count 1140, Reused Vertices: 1095, Duplicate Vertices: 0, Duplicate Positions: 820, Vertex:Tri Ratio: 1.84

****** Log from Geometry: 'DIS_PRD_PileB' ********
--------------
Geo DIS_PRD_PileB Mesh DIS_PRD_PileB : 1 vertices removed by tangent merger.

****** Log from Geometry: 'IMP_Fort_Modern_Base_Decals' ********
--------------
Geo IMP_Fort_Modern_Base_Decals mesh Decal_ANC_Rect_Sq_Patch005 flagged for possible vertex duplication. Vertex Count: 230, Index Count: 390, Tri Count 130, Reused Vertices: 130, Duplicate Vertices: 0, Duplicate Positions: 0, Vertex:Tri Ratio: 1.77

****** Log from Geometry: 'Test2' ********
--------------
Geo Test2 Mesh DIS_PRD_FactoryIND : 13 vertices removed by tangent merger.

****** Log from Geometry: 'DIS_PRD_HansaFiller_SmA' ********
--------------
Geo DIS_PRD_HansaFiller_SmA mesh DIS_PRD_HansaFiller_SmA flagged for possible vertex duplication. Vertex Count: 308, Index Count: 480, Tri Count 160, Reused Vertices: 146, Duplicate Vertices: 0, Duplicate Positions: 128, Vertex:Tri Ratio: 1.92

****** Log from Geometry: 'DIS_PRD_HansaFiller_LgA' ********
--------------
Geo DIS_PRD_HansaFiller_LgA Mesh DIS_PRD_HansaFiller_LgA : 2 vertices removed by tangent merger.
Geo DIS_PRD_HansaFiller_LgA mesh DIS_PRD_HansaFiller_LgA flagged for possible vertex duplication. Vertex Count: 312, Index Count: 492, Tri Count 164, Reused Vertices: 154, Duplicate Vertices: 0, Duplicate Positions: 125, Vertex:Tri Ratio: 1.90

****** Log from Geometry: 'IMP_Wind_Farm_bldgA' ********
--------------
Geo IMP_Wind_Farm_bldgA Mesh IMP_Wind_Farm_bldgA : 5 vertices removed by tangent merger.
Geo IMP_Wind_Farm_bldgA mesh IMP_Wind_Farm_bldgA flagged for possible vertex duplication. Vertex Count: 529, Index Count: 804, Tri Count 268, Reused Vertices: 264, Duplicate Vertices: 0, Duplicate Positions: 196, Vertex:Tri Ratio: 1.97

****** Log from Geometry: 'IMP_Wind_Farm_bldgA_PIL' ********
--------------
Geo IMP_Wind_Farm_bldgA_PIL Mesh IMP_Wind_Farm_bldgA_PIL : 4 vertices removed by tangent merger.
Geo IMP_Wind_Farm_bldgA_PIL mesh IMP_Wind_Farm_bldgA_PIL flagged for possible vertex duplication. Vertex Count: 560, Index Count: 888, Tri Count 296, Reused Vertices: 289, Duplicate Vertices: 0, Duplicate Positions: 192, Vertex:Tri Ratio: 1.89

****** Log from Geometry: 'IMP_Wind_Farm_bldg' ********
--------------
Geo IMP_Wind_Farm_bldg Mesh IMP_Wind_Farm_bldg : 14 vertices removed by tangent merger.
Geo IMP_Wind_Farm_bldg mesh IMP_Wind_Farm_bldg flagged for possible vertex duplication. Vertex Count: 244, Index Count: 372, Tri Count 124, Reused Vertices: 124, Duplicate Vertices: 0, Duplicate Positions: 92, Vertex:Tri Ratio: 1.97

****** Log from Geometry: 'IMP_Wind_Farm_bldg_PIL' ********
--------------
Geo IMP_Wind_Farm_bldg_PIL Mesh IMP_Wind_Farm_bldg_PIL : 6 vertices removed by tangent merger.
Geo IMP_Wind_Farm_bldg_PIL mesh IMP_Wind_Farm_bldg_PIL flagged for possible vertex duplication. Vertex Count: 668, Index Count: 1074, Tri Count 358, Reused Vertices: 341, Duplicate Vertices: 0, Duplicate Positions: 209, Vertex:Tri Ratio: 1.87

****** Log from Geometry: 'PROP_MODCrane_LG_Anim' ********
--------------
Geo PROP_MODCrane_LG_Anim Mesh PROP_MODCrane_LG_Mesh : 34 vertices removed by tangent merger.
Geo PROP_MODCrane_LG_Anim mesh PROP_MODCrane_LG_MeshBase flagged for possible vertex duplication. Vertex Count: 1672, Index Count: 2604, Tri Count 868, Reused Vertices: 868, Duplicate Vertices: 0, Duplicate Positions: 568, Vertex:Tri Ratio: 1.93
Geo PROP_MODCrane_LG_Anim mesh PROP_MODCrane_LG_Mesh flagged for possible vertex duplication. Vertex Count: 2136, Index Count: 3825, Tri Count 1275, Reused Vertices: 1215, Duplicate Vertices: 0, Duplicate Positions: 737, Vertex:Tri Ratio: 1.68

****** Log from Geometry: 'Decal_MOD_ground' ********
--------------
Geo Decal_MOD_ground Mesh Decal_ANC_dirt_decal : 2 vertices removed by tangent merger.
Load finished for: 'landmarks/tilebases' in 1.633 seconds
Geometry is required to autogenerate an OB for asset "IMP_GARBAGE_Pit_Decal001".
			An empty OB will be used for this asset.
Geometry is required to autogenerate an OB for asset "IMP_GARBAGE_Pit_Decal002".
			An empty OB will be used for this asset.
Geometry is required to autogenerate an OB for asset "IMP_TOI_POWER_STATION_MOD".
			An empty OB will be used for this asset.
Cook finished for: 'landmarks/tilebases' in 0.013 seconds
Disk write finished for: 'landmarks/tilebases' in 0.582 seconds
Cleanup finished for: 'landmarks/tilebases' in 0.022 seconds
XLP cook completed with success.
Cook completed in 2.262 seconds